Test (2D): install snapshots (unreliable+crash) ...
000510 TIMR S2 T0 checking election timeout with timeoutTerm 0
000510 ELEC S2 T0 didn't received heartbeat, starting new election.
000511 VOTE S0 T1 voted for S2 T1 on same term
000511 VOTE S2 T1 (2/3 votes) received vote from S0
000511 VOTE S2 T1 set state to leader.
000511 HRRT S2 T1 Leader, sending heartbeats
000511 HRRT S2 T1 Leader R1, "S2 T1 state LEADER log &{0 -1 -1 []} commitIndex -1 lastApplied -1 nextIndex [0 0 0] matchIndex [-1 -1 -1]".
000511 HRRT S2 T1 Leader key 245 sending args raft.AppendEntriesArgs{Term:1, LeaderId:2, PrevLogIndex:-1, PrevLogTerm:-1, Entries:[]raft.Entry{}, LeaderCommit:-1} to S1.
000511 HRRT S2 T1 Leader R0, "S2 T1 state LEADER log &{0 -1 -1 []} commitIndex -1 lastApplied -1 nextIndex [0 0 0] matchIndex [-1 -1 -1]".
000511 HRRT S2 T1 Leader key 656 sending args raft.AppendEntriesArgs{Term:1, LeaderId:2, PrevLogIndex:-1, PrevLogTerm:-1, Entries:[]raft.Entry{}, LeaderCommit:-1} to S0.
000527 APEN S1 T0 state FOLLOWER log &{0 -1 -1 []} commitIndex -1 lastApplied -1 nextIndex [0 0 0] matchIndex [0 0 0] with args &{1 2 -1 -1 [] -1}
000527 APEN S1, on T0 setting FOLLOWER state to follower &raft.AppendEntriesArgs{Term:1, LeaderId:2, PrevLogIndex:-1, PrevLogTerm:-1, Entries:[]raft.Entry(nil), LeaderCommit:-1}.
000527 APEN Who am I, S1 T1 state FOLLOWER log &{0 -1 -1 []} commitIndex -1 lastApplied -1 nextIndex [0 0 0] matchIndex [0 0 0]
000527 HRRT S2 T1 Leader key 245 receiving reply raft.AppendEntriesReply{Term:1, Success:true, XTerm:0, XIndex:0, XLen:0} from S1 with S2 T1 state LEADER log &{0 -1 -1 [{1 4080761186956099719}]} commitIndex -1 lastApplied -1 nextIndex [0 0 1] matchIndex [-1 -1 0].
000527 HRRT S2 T1 Leader setting matchIndex for S1 with prevLogIndex -1 entries 0
000530 APEN S0 T1 state FOLLOWER log &{0 -1 -1 []} commitIndex -1 lastApplied -1 nextIndex [0 0 0] matchIndex [0 0 0] with args &{1 2 -1 -1 [] -1}
000530 APEN Who am I, S0 T1 state FOLLOWER log &{0 -1 -1 []} commitIndex -1 lastApplied -1 nextIndex [0 0 0] matchIndex [0 0 0]
000530 HRRT S2 T1 Leader RPC failed for S0.
000533 VOTE S1 T1 voted for S2 T1 on same term
000533 VOTE S2 T1 (3/3 votes) received vote from S1
000601 HRRT S2 T1 Leader, sending heartbeats
000601 HRRT S2 T1 Leader R1, "S2 T1 state LEADER log &{0 -1 -1 [{1 4080761186956099719}]} commitIndex -1 lastApplied -1 nextIndex [0 0 1] matchIndex [-1 -1 0]".
000601 HRRT S2 T1 Leader key 627 sending args raft.AppendEntriesArgs{Term:1, LeaderId:2, PrevLogIndex:-1, PrevLogTerm:-1, Entries:[]raft.Entry{raft.Entry{Term:1, Command:4080761186956099719}}, LeaderCommit:-1} to S1.
000601 HRRT S2 T1 Leader R0, "S2 T1 state LEADER log &{0 -1 -1 [{1 4080761186956099719}]} commitIndex -1 lastApplied -1 nextIndex [0 0 1] matchIndex [-1 -1 0]".
000601 HRRT S2 T1 Leader key 188 sending args raft.AppendEntriesArgs{Term:1, LeaderId:2, PrevLogIndex:-1, PrevLogTerm:-1, Entries:[]raft.Entry{raft.Entry{Term:1, Command:4080761186956099719}}, LeaderCommit:-1} to S0.
000611 APEN S1 T1 state FOLLOWER log &{0 -1 -1 []} commitIndex -1 lastApplied -1 nextIndex [0 0 0] matchIndex [0 0 0] with args &{1 2 -1 -1 [{1 4080761186956099719}] -1}
000611 APEN Who am I, S1 T1 state FOLLOWER log &{0 -1 -1 [{1 4080761186956099719}]} commitIndex -1 lastApplied -1 nextIndex [0 0 0] matchIndex [0 0 0]
000611 HRRT S2 T1 Leader key 627 receiving reply raft.AppendEntriesReply{Term:1, Success:true, XTerm:0, XIndex:0, XLen:0} from S1 with S2 T1 state LEADER log &{0 -1 -1 [{1 4080761186956099719}]} commitIndex -1 lastApplied -1 nextIndex [0 0 1] matchIndex [-1 -1 0].
000611 HRRT S2 T1 Leader setting matchIndex for S1 with prevLogIndex -1 entries 1
000611 APLY S2 T1 state LEADER log &{0 -1 -1 [{1 4080761186956099719}]} commitIndex 0 lastApplied -1 nextIndex [0 1 1] matchIndex [-1 0 0]
000622 APEN S0 T1 state FOLLOWER log &{0 -1 -1 []} commitIndex -1 lastApplied -1 nextIndex [0 0 0] matchIndex [0 0 0] with args &{1 2 -1 -1 [{1 4080761186956099719}] -1}
000622 APEN Who am I, S0 T1 state FOLLOWER log &{0 -1 -1 [{1 4080761186956099719}]} commitIndex -1 lastApplied -1 nextIndex [0 0 0] matchIndex [0 0 0]
000622 HRRT S2 T1 Leader key 188 receiving reply raft.AppendEntriesReply{Term:1, Success:true, XTerm:0, XIndex:0, XLen:0} from S0 with S2 T1 state LEADER log &{0 -1 -1 [{1 4080761186956099719}]} commitIndex 0 lastApplied 0 nextIndex [0 1 1] matchIndex [-1 0 0].
000622 HRRT S2 T1 Leader setting matchIndex for S0 with prevLogIndex -1 entries 1
000752 HRRT S2 T1 Leader, sending heartbeats
000752 HRRT S2 T1 Leader R1, "S2 T1 state LEADER log &{0 -1 -1 [{1 4080761186956099719}]} commitIndex 0 lastApplied 0 nextIndex [1 1 1] matchIndex [0 0 0]".
000752 HRRT S2 T1 Leader key 795 sending args raft.AppendEntriesArgs{Term:1, LeaderId:2, PrevLogIndex:0, PrevLogTerm:1, Entries:[]raft.Entry{}, LeaderCommit:0} to S1.
000752 HRRT S2 T1 Leader R0, "S2 T1 state LEADER log &{0 -1 -1 [{1 4080761186956099719}]} commitIndex 0 lastApplied 0 nextIndex [1 1 1] matchIndex [0 0 0]".
000752 HRRT S2 T1 Leader key 738 sending args raft.AppendEntriesArgs{Term:1, LeaderId:2, PrevLogIndex:0, PrevLogTerm:1, Entries:[]raft.Entry{}, LeaderCommit:0} to S0.
000773 APEN S0 T1 state FOLLOWER log &{0 -1 -1 [{1 4080761186956099719}]} commitIndex -1 lastApplied -1 nextIndex [0 0 0] matchIndex [0 0 0] with args &{1 2 0 1 [] 0}
000773 APEN Who am I, S0 T1 state FOLLOWER log &{0 -1 -1 [{1 4080761186956099719}]} commitIndex -1 lastApplied -1 nextIndex [0 0 0] matchIndex [0 0 0]
000773 APLY S0 T1 state FOLLOWER log &{0 -1 -1 [{1 4080761186956099719}]} commitIndex 0 lastApplied -1 nextIndex [0 0 0] matchIndex [0 0 0]
000773 HRRT S2 T1 Leader key 738 receiving reply raft.AppendEntriesReply{Term:1, Success:true, XTerm:0, XIndex:0, XLen:0} from S0 with S2 T1 state LEADER log &{0 -1 -1 [{1 4080761186956099719}]} commitIndex 0 lastApplied 0 nextIndex [1 1 1] matchIndex [0 0 0].
000773 HRRT S2 T1 Leader setting matchIndex for S0 with prevLogIndex 0 entries 0
000778 APEN S1 T1 state FOLLOWER log &{0 -1 -1 [{1 4080761186956099719}]} commitIndex -1 lastApplied -1 nextIndex [0 0 0] matchIndex [0 0 0] with args &{1 2 0 1 [] 0}
000778 APEN Who am I, S1 T1 state FOLLOWER log &{0 -1 -1 [{1 4080761186956099719}]} commitIndex -1 lastApplied -1 nextIndex [0 0 0] matchIndex [0 0 0]
000778 APLY S1 T1 state FOLLOWER log &{0 -1 -1 [{1 4080761186956099719}]} commitIndex 0 lastApplied -1 nextIndex [0 0 0] matchIndex [0 0 0]
000778 HRRT S2 T1 Leader key 795 receiving reply raft.AppendEntriesReply{Term:1, Success:true, XTerm:0, XIndex:0, XLen:0} from S1 with S2 T1 state LEADER log &{0 -1 -1 [{1 4080761186956099719}]} commitIndex 0 lastApplied 0 nextIndex [1 1 1] matchIndex [0 0 0].
000778 HRRT S2 T1 Leader setting matchIndex for S1 with prevLogIndex 0 entries 0
000905 HRRT S2 T1 Leader, sending heartbeats
000905 HRRT S2 T1 Leader R1, "S2 T1 state LEADER log &{0 -1 -1 [{1 4080761186956099719}]} commitIndex 0 lastApplied 0 nextIndex [1 1 1] matchIndex [0 0 0]".
000905 HRRT S2 T1 Leader key 773 sending args raft.AppendEntriesArgs{Term:1, LeaderId:2, PrevLogIndex:0, PrevLogTerm:1, Entries:[]raft.Entry{}, LeaderCommit:0} to S1.
000905 HRRT S2 T1 Leader R0, "S2 T1 state LEADER log &{0 -1 -1 [{1 4080761186956099719}]} commitIndex 0 lastApplied 0 nextIndex [1 1 1] matchIndex [0 0 0]".
000905 HRRT S2 T1 Leader key 611 sending args raft.AppendEntriesArgs{Term:1, LeaderId:2, PrevLogIndex:0, PrevLogTerm:1, Entries:[]raft.Entry{}, LeaderCommit:0} to S0.
000910 HRRT S2 T1 Leader RPC failed for S0.
000912 APEN S1 T1 state FOLLOWER log &{0 -1 -1 [{1 4080761186956099719}]} commitIndex 0 lastApplied 0 nextIndex [0 0 0] matchIndex [0 0 0] with args &{1 2 0 1 [] 0}
000912 APEN Who am I, S1 T1 state FOLLOWER log &{0 -1 -1 [{1 4080761186956099719}]} commitIndex 0 lastApplied 0 nextIndex [0 0 0] matchIndex [0 0 0]
000912 HRRT S2 T1 Leader key 773 receiving reply raft.AppendEntriesReply{Term:1, Success:true, XTerm:0, XIndex:0, XLen:0} from S1 with S2 T1 state LEADER log &{0 -1 -1 [{1 4080761186956099719}]} commitIndex 0 lastApplied 0 nextIndex [1 1 1] matchIndex [0 0 0].
000912 HRRT S2 T1 Leader setting matchIndex for S1 with prevLogIndex 0 entries 0
001055 HRRT S2 T1 Leader, sending heartbeats
001055 HRRT S2 T1 Leader R1, "S2 T1 state LEADER log &{0 -1 -1 [{1 4080761186956099719}]} commitIndex 0 lastApplied 0 nextIndex [1 1 1] matchIndex [0 0 0]".
001055 HRRT S2 T1 Leader key 741 sending args raft.AppendEntriesArgs{Term:1, LeaderId:2, PrevLogIndex:0, PrevLogTerm:1, Entries:[]raft.Entry{}, LeaderCommit:0} to S1.
001055 HRRT S2 T1 Leader R0, "S2 T1 state LEADER log &{0 -1 -1 [{1 4080761186956099719}]} commitIndex 0 lastApplied 0 nextIndex [1 1 1] matchIndex [0 0 0]".
001055 HRRT S2 T1 Leader key 287 sending args raft.AppendEntriesArgs{Term:1, LeaderId:2, PrevLogIndex:0, PrevLogTerm:1, Entries:[]raft.Entry{}, LeaderCommit:0} to S0.
001065 APEN S0 T1 state FOLLOWER log &{0 -1 -1 [{1 4080761186956099719}]} commitIndex 0 lastApplied 0 nextIndex [0 0 0] matchIndex [0 0 0] with args &{1 2 0 1 [] 0}
001065 APEN Who am I, S0 T1 state FOLLOWER log &{0 -1 -1 [{1 4080761186956099719}]} commitIndex 0 lastApplied 0 nextIndex [0 0 0] matchIndex [0 0 0]
001066 HRRT S2 T1 Leader key 287 receiving reply raft.AppendEntriesReply{Term:1, Success:true, XTerm:0, XIndex:0, XLen:0} from S0 with S2 T1 state LEADER log &{0 -1 -1 [{1 4080761186956099719}]} commitIndex 0 lastApplied 0 nextIndex [1 1 1] matchIndex [0 0 0].
001066 HRRT S2 T1 Leader setting matchIndex for S0 with prevLogIndex 0 entries 0
001072 APEN S1 T1 state FOLLOWER log &{0 -1 -1 [{1 4080761186956099719}]} commitIndex 0 lastApplied 0 nextIndex [0 0 0] matchIndex [0 0 0] with args &{1 2 0 1 [] 0}
001072 APEN Who am I, S1 T1 state FOLLOWER log &{0 -1 -1 [{1 4080761186956099719}]} commitIndex 0 lastApplied 0 nextIndex [0 0 0] matchIndex [0 0 0]
001072 HRRT S2 T1 Leader key 741 receiving reply raft.AppendEntriesReply{Term:1, Success:true, XTerm:0, XIndex:0, XLen:0} from S1 with S2 T1 state LEADER log &{0 -1 -1 [{1 4080761186956099719}]} commitIndex 0 lastApplied 0 nextIndex [1 1 1] matchIndex [0 0 0].
001072 HRRT S2 T1 Leader setting matchIndex for S1 with prevLogIndex 0 entries 0
001143 TIMR S1 T1 checking election timeout with timeoutTerm 0
001201 HRRT S2 T1 Leader, sending heartbeats
001201 HRRT S2 T1 Leader R1, "S2 T1 state LEADER log &{0 -1 -1 [{1 4080761186956099719}]} commitIndex 0 lastApplied 0 nextIndex [1 1 1] matchIndex [0 0 0]".
001201 HRRT S2 T1 Leader key 448 sending args raft.AppendEntriesArgs{Term:1, LeaderId:2, PrevLogIndex:0, PrevLogTerm:1, Entries:[]raft.Entry{}, LeaderCommit:0} to S1.
001201 HRRT S2 T1 Leader R0, "S2 T1 state LEADER log &{0 -1 -1 [{1 4080761186956099719}]} commitIndex 0 lastApplied 0 nextIndex [1 1 1] matchIndex [0 0 0]".
001201 HRRT S2 T1 Leader key 32 sending args raft.AppendEntriesArgs{Term:1, LeaderId:2, PrevLogIndex:0, PrevLogTerm:1, Entries:[]raft.Entry{}, LeaderCommit:0} to S0.
001219 APEN S0 T1 state FOLLOWER log &{0 -1 -1 [{1 4080761186956099719}]} commitIndex 0 lastApplied 0 nextIndex [0 0 0] matchIndex [0 0 0] with args &{1 2 0 1 [] 0}
001219 APEN S1 T1 state FOLLOWER log &{0 -1 -1 [{1 4080761186956099719}]} commitIndex 0 lastApplied 0 nextIndex [0 0 0] matchIndex [0 0 0] with args &{1 2 0 1 [] 0}
001219 APEN Who am I, S1 T1 state FOLLOWER log &{0 -1 -1 [{1 4080761186956099719}]} commitIndex 0 lastApplied 0 nextIndex [0 0 0] matchIndex [0 0 0]
001219 APEN Who am I, S0 T1 state FOLLOWER log &{0 -1 -1 [{1 4080761186956099719}]} commitIndex 0 lastApplied 0 nextIndex [0 0 0] matchIndex [0 0 0]
001219 HRRT S2 T1 Leader key 448 receiving reply raft.AppendEntriesReply{Term:1, Success:true, XTerm:0, XIndex:0, XLen:0} from S1 with S2 T1 state LEADER log &{0 -1 -1 [{1 4080761186956099719}]} commitIndex 0 lastApplied 0 nextIndex [1 1 1] matchIndex [0 0 0].
001219 HRRT S2 T1 Leader setting matchIndex for S1 with prevLogIndex 0 entries 0
001219 HRRT S2 T1 Leader key 32 receiving reply raft.AppendEntriesReply{Term:1, Success:true, XTerm:0, XIndex:0, XLen:0} from S0 with S2 T1 state LEADER log &{0 -1 -1 [{1 4080761186956099719}]} commitIndex 0 lastApplied 0 nextIndex [1 1 1] matchIndex [0 0 0].
001219 HRRT S2 T1 Leader setting matchIndex for S0 with prevLogIndex 0 entries 0
001246 TIMR S0 T1 checking election timeout with timeoutTerm 1
001247 ELEC S0 T1 received heartbeat, resetting election timeout.
001352 HRRT S2 T1 Leader, sending heartbeats
001353 HRRT S2 T1 Leader R0, "S2 T1 state LEADER log &{0 -1 -1 [{1 4080761186956099719} {1 9278532084245111}]} commitIndex 0 lastApplied 0 nextIndex [1 1 2] matchIndex [0 0 1]".
001353 HRRT S2 T1 Leader key 509 sending args raft.AppendEntriesArgs{Term:1, LeaderId:2, PrevLogIndex:0, PrevLogTerm:1, Entries:[]raft.Entry{raft.Entry{Term:1, Command:9278532084245111}}, LeaderCommit:0} to S0.
001353 HRRT S2 T1 Leader R1, "S2 T1 state LEADER log &{0 -1 -1 [{1 4080761186956099719} {1 9278532084245111}]} commitIndex 0 lastApplied 0 nextIndex [1 1 2] matchIndex [0 0 1]".
001353 HRRT S2 T1 Leader key 985 sending args raft.AppendEntriesArgs{Term:1, LeaderId:2, PrevLogIndex:0, PrevLogTerm:1, Entries:[]raft.Entry{raft.Entry{Term:1, Command:9278532084245111}}, LeaderCommit:0} to S1.
Check and killed returning 0
001361 APEN S1 T1 state FOLLOWER log &{0 -1 -1 [{1 4080761186956099719}]} commitIndex 0 lastApplied 0 nextIndex [0 0 0] matchIndex [0 0 0] with args &{1 2 0 1 [{1 9278532084245111}] 0}
001362 APEN Who am I, S1 T1 state FOLLOWER log &{0 -1 -1 [{1 4080761186956099719} {1 9278532084245111}]} commitIndex 0 lastApplied 0 nextIndex [0 0 0] matchIndex [0 0 0]
001362 HRRT S2 T1 Leader key 985 receiving reply raft.AppendEntriesReply{Term:1, Success:true, XTerm:0, XIndex:0, XLen:0} from S1 with S2 T1 state LEADER log &{0 -1 -1 [{1 4080761186956099719} {1 9278532084245111}]} commitIndex 0 lastApplied 0 nextIndex [1 1 2] matchIndex [0 0 1].
001362 HRRT S2 T1 Leader setting matchIndex for S1 with prevLogIndex 0 entries 1
001362 APLY S2 T1 state LEADER log &{0 -1 -1 [{1 4080761186956099719} {1 9278532084245111}]} commitIndex 1 lastApplied 0 nextIndex [1 2 2] matchIndex [0 1 1]
001427 TIMR S1 T1 checking election timeout with timeoutTerm 1
001427 ELEC S1 T1 received heartbeat, resetting election timeout.
001462 TIMR S2 T1 checking election timeout with timeoutTerm 1
001503 HRRT S2 T1 Leader, sending heartbeats
001503 HRRT S2 T1 Leader R1, "S2 T1 state LEADER log &{0 -1 -1 [{1 4080761186956099719} {1 9278532084245111}]} commitIndex 1 lastApplied 1 nextIndex [1 2 2] matchIndex [0 1 1]".
001503 HRRT S2 T1 Leader key 538 sending args raft.AppendEntriesArgs{Term:1, LeaderId:2, PrevLogIndex:1, PrevLogTerm:1, Entries:[]raft.Entry{}, LeaderCommit:1} to S1.
001503 HRRT S2 T1 Leader R0, "S2 T1 state LEADER log &{0 -1 -1 [{1 4080761186956099719} {1 9278532084245111}]} commitIndex 1 lastApplied 1 nextIndex [1 2 2] matchIndex [0 1 1]".
001503 HRRT S2 T1 Leader key 707 sending args raft.AppendEntriesArgs{Term:1, LeaderId:2, PrevLogIndex:0, PrevLogTerm:1, Entries:[]raft.Entry{raft.Entry{Term:1, Command:9278532084245111}}, LeaderCommit:1} to S0.
001526 APEN S1 T1 state FOLLOWER log &{0 -1 -1 [{1 4080761186956099719} {1 9278532084245111}]} commitIndex 0 lastApplied 0 nextIndex [0 0 0] matchIndex [0 0 0] with args &{1 2 1 1 [] 1}
001526 APEN Who am I, S1 T1 state FOLLOWER log &{0 -1 -1 [{1 4080761186956099719} {1 9278532084245111}]} commitIndex 0 lastApplied 0 nextIndex [0 0 0] matchIndex [0 0 0]
001526 HRRT S2 T1 Leader RPC failed for S1.
001526 APLY S1 T1 state FOLLOWER log &{0 -1 -1 [{1 4080761186956099719} {1 9278532084245111}]} commitIndex 1 lastApplied 0 nextIndex [0 0 0] matchIndex [0 0 0]
001650 HRRT S2 T1 Leader, sending heartbeats
001650 HRRT S2 T1 Leader R1, "S2 T1 state LEADER log &{0 -1 -1 [{1 4080761186956099719} {1 9278532084245111} {1 8244429317867530873} {1 4116943265429812463} {1 8262940869803579465} {1 5622076005781633171} {1 3601460863880056897} {1 2637161001898781948} {1 94723676063797206} {1 3939198809035570696} {1 5319666986329089357} {1 7747435747018202229} {1 1540528951774727451} {1 7329368321926457114} {1 5886028277234122917}]} commitIndex 1 lastApplied 1 nextIndex [1 2 15] matchIndex [0 1 14]".
001650 HRRT S2 T1 Leader key 192 sending args raft.AppendEntriesArgs{Term:1, LeaderId:2, PrevLogIndex:1, PrevLogTerm:1, Entries:[]raft.Entry{raft.Entry{Term:1, Command:8244429317867530873}, raft.Entry{Term:1, Command:4116943265429812463}, raft.Entry{Term:1, Command:8262940869803579465}, raft.Entry{Term:1, Command:5622076005781633171}, raft.Entry{Term:1, Command:3601460863880056897}, raft.Entry{Term:1, Command:2637161001898781948}, raft.Entry{Term:1, Command:94723676063797206}, raft.Entry{Term:1, Command:3939198809035570696}, raft.Entry{Term:1, Command:5319666986329089357}, raft.Entry{Term:1, Command:7747435747018202229}, raft.Entry{Term:1, Command:1540528951774727451}, raft.Entry{Term:1, Command:7329368321926457114}, raft.Entry{Term:1, Command:5886028277234122917}}, LeaderCommit:1} to S1.
001651 HRRT S2 T1 Leader R0, "S2 T1 state LEADER log &{0 -1 -1 [{1 4080761186956099719} {1 9278532084245111} {1 8244429317867530873} {1 4116943265429812463} {1 8262940869803579465} {1 5622076005781633171} {1 3601460863880056897} {1 2637161001898781948} {1 94723676063797206} {1 3939198809035570696} {1 5319666986329089357} {1 7747435747018202229} {1 1540528951774727451} {1 7329368321926457114} {1 5886028277234122917}]} commitIndex 1 lastApplied 1 nextIndex [1 2 15] matchIndex [0 1 14]".
001651 HRRT S2 T1 Leader key 2 sending args raft.AppendEntriesArgs{Term:1, LeaderId:2, PrevLogIndex:0, PrevLogTerm:1, Entries:[]raft.Entry{raft.Entry{Term:1, Command:9278532084245111}, raft.Entry{Term:1, Command:8244429317867530873}, raft.Entry{Term:1, Command:4116943265429812463}, raft.Entry{Term:1, Command:8262940869803579465}, raft.Entry{Term:1, Command:5622076005781633171}, raft.Entry{Term:1, Command:3601460863880056897}, raft.Entry{Term:1, Command:2637161001898781948}, raft.Entry{Term:1, Command:94723676063797206}, raft.Entry{Term:1, Command:3939198809035570696}, raft.Entry{Term:1, Command:5319666986329089357}, raft.Entry{Term:1, Command:7747435747018202229}, raft.Entry{Term:1, Command:1540528951774727451}, raft.Entry{Term:1, Command:7329368321926457114}, raft.Entry{Term:1, Command:5886028277234122917}}, LeaderCommit:1} to S0.
001666 HRRT S2 T1 Leader RPC failed for S1.
001800 HRRT S2 T1 Leader, sending heartbeats
001800 HRRT S2 T1 Leader R1, "S2 T1 state LEADER log &{0 -1 -1 [{1 4080761186956099719} {1 9278532084245111} {1 8244429317867530873} {1 4116943265429812463} {1 8262940869803579465} {1 5622076005781633171} {1 3601460863880056897} {1 2637161001898781948} {1 94723676063797206} {1 3939198809035570696} {1 5319666986329089357} {1 7747435747018202229} {1 1540528951774727451} {1 7329368321926457114} {1 5886028277234122917}]} commitIndex 1 lastApplied 1 nextIndex [1 2 15] matchIndex [0 1 14]".
001800 HRRT S2 T1 Leader key 578 sending args raft.AppendEntriesArgs{Term:1, LeaderId:2, PrevLogIndex:1, PrevLogTerm:1, Entries:[]raft.Entry{raft.Entry{Term:1, Command:8244429317867530873}, raft.Entry{Term:1, Command:4116943265429812463}, raft.Entry{Term:1, Command:8262940869803579465}, raft.Entry{Term:1, Command:5622076005781633171}, raft.Entry{Term:1, Command:3601460863880056897}, raft.Entry{Term:1, Command:2637161001898781948}, raft.Entry{Term:1, Command:94723676063797206}, raft.Entry{Term:1, Command:3939198809035570696}, raft.Entry{Term:1, Command:5319666986329089357}, raft.Entry{Term:1, Command:7747435747018202229}, raft.Entry{Term:1, Command:1540528951774727451}, raft.Entry{Term:1, Command:7329368321926457114}, raft.Entry{Term:1, Command:5886028277234122917}}, LeaderCommit:1} to S1.
001800 HRRT S2 T1 Leader R0, "S2 T1 state LEADER log &{0 -1 -1 [{1 4080761186956099719} {1 9278532084245111} {1 8244429317867530873} {1 4116943265429812463} {1 8262940869803579465} {1 5622076005781633171} {1 3601460863880056897} {1 2637161001898781948} {1 94723676063797206} {1 3939198809035570696} {1 5319666986329089357} {1 7747435747018202229} {1 1540528951774727451} {1 7329368321926457114} {1 5886028277234122917}]} commitIndex 1 lastApplied 1 nextIndex [1 2 15] matchIndex [0 1 14]".
001800 HRRT S2 T1 Leader key 719 sending args raft.AppendEntriesArgs{Term:1, LeaderId:2, PrevLogIndex:0, PrevLogTerm:1, Entries:[]raft.Entry{raft.Entry{Term:1, Command:9278532084245111}, raft.Entry{Term:1, Command:8244429317867530873}, raft.Entry{Term:1, Command:4116943265429812463}, raft.Entry{Term:1, Command:8262940869803579465}, raft.Entry{Term:1, Command:5622076005781633171}, raft.Entry{Term:1, Command:3601460863880056897}, raft.Entry{Term:1, Command:2637161001898781948}, raft.Entry{Term:1, Command:94723676063797206}, raft.Entry{Term:1, Command:3939198809035570696}, raft.Entry{Term:1, Command:5319666986329089357}, raft.Entry{Term:1, Command:7747435747018202229}, raft.Entry{Term:1, Command:1540528951774727451}, raft.Entry{Term:1, Command:7329368321926457114}, raft.Entry{Term:1, Command:5886028277234122917}}, LeaderCommit:1} to S0.
001810 APEN S1 T1 state FOLLOWER log &{0 -1 -1 [{1 4080761186956099719} {1 9278532084245111}]} commitIndex 1 lastApplied 1 nextIndex [0 0 0] matchIndex [0 0 0] with args &{1 2 1 1 [{1 8244429317867530873} {1 4116943265429812463} {1 8262940869803579465} {1 5622076005781633171} {1 3601460863880056897} {1 2637161001898781948} {1 94723676063797206} {1 3939198809035570696} {1 5319666986329089357} {1 7747435747018202229} {1 1540528951774727451} {1 7329368321926457114} {1 5886028277234122917}] 1}
001810 APEN Who am I, S1 T1 state FOLLOWER log &{0 -1 -1 [{1 4080761186956099719} {1 9278532084245111} {1 8244429317867530873} {1 4116943265429812463} {1 8262940869803579465} {1 5622076005781633171} {1 3601460863880056897} {1 2637161001898781948} {1 94723676063797206} {1 3939198809035570696} {1 5319666986329089357} {1 7747435747018202229} {1 1540528951774727451} {1 7329368321926457114} {1 5886028277234122917}]} commitIndex 1 lastApplied 1 nextIndex [0 0 0] matchIndex [0 0 0]
001810 HRRT S2 T1 Leader key 578 receiving reply raft.AppendEntriesReply{Term:1, Success:true, XTerm:0, XIndex:0, XLen:0} from S1 with S2 T1 state LEADER log &{0 -1 -1 [{1 4080761186956099719} {1 9278532084245111} {1 8244429317867530873} {1 4116943265429812463} {1 8262940869803579465} {1 5622076005781633171} {1 3601460863880056897} {1 2637161001898781948} {1 94723676063797206} {1 3939198809035570696} {1 5319666986329089357} {1 7747435747018202229} {1 1540528951774727451} {1 7329368321926457114} {1 5886028277234122917}]} commitIndex 1 lastApplied 1 nextIndex [1 2 15] matchIndex [0 1 14].
001810 HRRT S2 T1 Leader setting matchIndex for S1 with prevLogIndex 1 entries 13
001810 APLY S2 T1 state LEADER log &{0 -1 -1 [{1 4080761186956099719} {1 9278532084245111} {1 8244429317867530873} {1 4116943265429812463} {1 8262940869803579465} {1 5622076005781633171} {1 3601460863880056897} {1 2637161001898781948} {1 94723676063797206} {1 3939198809035570696} {1 5319666986329089357} {1 7747435747018202229} {1 1540528951774727451} {1 7329368321926457114} {1 5886028277234122917}]} commitIndex 14 lastApplied 1 nextIndex [1 15 15] matchIndex [0 14 14]
001950 HRRT S2 T1 Leader, sending heartbeats
001950 HRRT S2 T1 Leader R1, "S2 T1 state LEADER log &{9 1 8 [{1 3939198809035570696} {1 5319666986329089357} {1 7747435747018202229} {1 1540528951774727451} {1 7329368321926457114} {1 5886028277234122917}]} commitIndex 14 lastApplied 14 nextIndex [1 15 15] matchIndex [0 14 14]".
001950 HRRT S2 T1 Leader key 497 sending args raft.AppendEntriesArgs{Term:1, LeaderId:2, PrevLogIndex:14, PrevLogTerm:1, Entries:[]raft.Entry{}, LeaderCommit:14} to S1.
001950 SNAP S2 T1 Leader key 433 sending args raft.InstallSnapshotArgs{Term:1, SnapshotTerm:1, SnapshotIndex:8, Snapshot:[]uint8{0x3, 0x4, 0x0, 0x12, 0xc, 0xff, 0x8f, 0x2, 0x1, 0x2, 0xff, 0x90, 0x0, 0x1, 0x10, 0x0, 0x0, 0xff, 0x94, 0xff, 0x90, 0x0, 0xa, 0x0, 0x3, 0x69, 0x6e, 0x74, 0x4, 0xa, 0x0, 0xf8, 0x71, 0x43, 0x8d, 0x5b, 0x83, 0x70, 0x81, 0xe, 0x3, 0x69, 0x6e, 0x74, 0x4, 0x9, 0x0, 0xf9, 0x41, 0xed, 0x8d, 0x31, 0xd6, 0x44, 0xee, 0x3, 0x69, 0x6e, 0x74, 0x4, 0xa, 0x0, 0xf8, 0xe4, 0xd4, 0x31, 0x91, 0x46, 0x9e, 0xd4, 0xf2, 0x3, 0x69, 0x6e, 0x74, 0x4, 0xa, 0x0, 0xf8, 0x72, 0x44, 0xa4, 0x2c, 0xc0, 0xc2, 0xe9, 0xde, 0x3, 0x69, 0x6e, 0x74, 0x4, 0xa, 0x0, 0xf8, 0xe5, 0x57, 0xb9, 0xe2, 0x61, 0x66, 0x30, 0x92, 0x3, 0x69, 0x6e, 0x74, 0x4, 0xa, 0x0, 0xf8, 0x9c, 0xb, 0x40, 0xae, 0x31, 0xb8, 0xf1, 0x26, 0x3, 0x69, 0x6e, 0x74, 0x4, 0xa, 0x0, 0xf8, 0x63, 0xf5, 0xeb, 0x26, 0x10, 0x15, 0xa0, 0x82, 0x3, 0x69, 0x6e, 0x74, 0x4, 0xa, 0x0, 0xf8, 0x49, 0x32, 0x27, 0xea, 0xfb, 0x61, 0x59, 0xf8, 0x3, 0x69, 0x6e, 0x74, 0x4, 0xa, 0x0, 0xf8, 0x2, 0xa1, 0xd, 0x5c, 0xef, 0x34, 0x1f, 0xac}} to S0.
001963 APEN S1 T1 state FOLLOWER log &{0 -1 -1 [{1 4080761186956099719} {1 9278532084245111} {1 8244429317867530873} {1 4116943265429812463} {1 8262940869803579465} {1 5622076005781633171} {1 3601460863880056897} {1 2637161001898781948} {1 94723676063797206} {1 3939198809035570696} {1 5319666986329089357} {1 7747435747018202229} {1 1540528951774727451} {1 7329368321926457114} {1 5886028277234122917}]} commitIndex 1 lastApplied 1 nextIndex [0 0 0] matchIndex [0 0 0] with args &{1 2 14 1 [] 14}
001963 APEN Who am I, S1 T1 state FOLLOWER log &{0 -1 -1 [{1 4080761186956099719} {1 9278532084245111} {1 8244429317867530873} {1 4116943265429812463} {1 8262940869803579465} {1 5622076005781633171} {1 3601460863880056897} {1 2637161001898781948} {1 94723676063797206} {1 3939198809035570696} {1 5319666986329089357} {1 7747435747018202229} {1 1540528951774727451} {1 7329368321926457114} {1 5886028277234122917}]} commitIndex 1 lastApplied 1 nextIndex [0 0 0] matchIndex [0 0 0]
001963 HRRT S2 T1 Leader RPC failed for S1.
001963 APLY S1 T1 state FOLLOWER log &{0 -1 -1 [{1 4080761186956099719} {1 9278532084245111} {1 8244429317867530873} {1 4116943265429812463} {1 8262940869803579465} {1 5622076005781633171} {1 3601460863880056897} {1 2637161001898781948} {1 94723676063797206} {1 3939198809035570696} {1 5319666986329089357} {1 7747435747018202229} {1 1540528951774727451} {1 7329368321926457114} {1 5886028277234122917}]} commitIndex 14 lastApplied 1 nextIndex [0 0 0] matchIndex [0 0 0]
002054 SNAP S2 T1 Leader RPC failed for S0.
002054 SNAP S2 T1 Leader key 433 receiving reply raft.InstallSnapshotReply{Term:0, Success:false} from S0 with S2 T1 state LEADER log &{9 1 8 [{1 3939198809035570696} {1 5319666986329089357} {1 7747435747018202229} {1 1540528951774727451} {1 7329368321926457114} {1 5886028277234122917} {1 3350265206343347489}]} commitIndex 14 lastApplied 14 nextIndex [1 15 16] matchIndex [0 14 15].
002100 HRRT S2 T1 Leader, sending heartbeats
002100 HRRT S2 T1 Leader R1, "S2 T1 state LEADER log &{9 1 8 [{1 3939198809035570696} {1 5319666986329089357} {1 7747435747018202229} {1 1540528951774727451} {1 7329368321926457114} {1 5886028277234122917} {1 3350265206343347489}]} commitIndex 14 lastApplied 14 nextIndex [1 15 16] matchIndex [0 14 15]".
002100 HRRT S2 T1 Leader key 829 sending args raft.AppendEntriesArgs{Term:1, LeaderId:2, PrevLogIndex:14, PrevLogTerm:1, Entries:[]raft.Entry{raft.Entry{Term:1, Command:3350265206343347489}}, LeaderCommit:14} to S1.
002100 SNAP S2 T1 Leader key 971 sending args raft.InstallSnapshotArgs{Term:1, SnapshotTerm:1, SnapshotIndex:8, Snapshot:[]uint8{0x3, 0x4, 0x0, 0x12, 0xc, 0xff, 0x8f, 0x2, 0x1, 0x2, 0xff, 0x90, 0x0, 0x1, 0x10, 0x0, 0x0, 0xff, 0x94, 0xff, 0x90, 0x0, 0xa, 0x0, 0x3, 0x69, 0x6e, 0x74, 0x4, 0xa, 0x0, 0xf8, 0x71, 0x43, 0x8d, 0x5b, 0x83, 0x70, 0x81, 0xe, 0x3, 0x69, 0x6e, 0x74, 0x4, 0x9, 0x0, 0xf9, 0x41, 0xed, 0x8d, 0x31, 0xd6, 0x44, 0xee, 0x3, 0x69, 0x6e, 0x74, 0x4, 0xa, 0x0, 0xf8, 0xe4, 0xd4, 0x31, 0x91, 0x46, 0x9e, 0xd4, 0xf2, 0x3, 0x69, 0x6e, 0x74, 0x4, 0xa, 0x0, 0xf8, 0x72, 0x44, 0xa4, 0x2c, 0xc0, 0xc2, 0xe9, 0xde, 0x3, 0x69, 0x6e, 0x74, 0x4, 0xa, 0x0, 0xf8, 0xe5, 0x57, 0xb9, 0xe2, 0x61, 0x66, 0x30, 0x92, 0x3, 0x69, 0x6e, 0x74, 0x4, 0xa, 0x0, 0xf8, 0x9c, 0xb, 0x40, 0xae, 0x31, 0xb8, 0xf1, 0x26, 0x3, 0x69, 0x6e, 0x74, 0x4, 0xa, 0x0, 0xf8, 0x63, 0xf5, 0xeb, 0x26, 0x10, 0x15, 0xa0, 0x82, 0x3, 0x69, 0x6e, 0x74, 0x4, 0xa, 0x0, 0xf8, 0x49, 0x32, 0x27, 0xea, 0xfb, 0x61, 0x59, 0xf8, 0x3, 0x69, 0x6e, 0x74, 0x4, 0xa, 0x0, 0xf8, 0x2, 0xa1, 0xd, 0x5c, 0xef, 0x34, 0x1f, 0xac}} to S0.
002115 SNAP S0 T1 state FOLLOWER log &{0 -1 -1 [{1 4080761186956099719}]} commitIndex -1 lastApplied -1 nextIndex [0 0 0] matchIndex [0 0 0] with args &{1 1 8 [3 4 0 18 12 255 143 2 1 2 255 144 0 1 16 0 0 255 148 255 144 0 10 0 3 105 110 116 4 10 0 248 113 67 141 91 131 112 129 14 3 105 110 116 4 9 0 249 65 237 141 49 214 68 238 3 105 110 116 4 10 0 248 228 212 49 145 70 158 212 242 3 105 110 116 4 10 0 248 114 68 164 44 192 194 233 222 3 105 110 116 4 10 0 248 229 87 185 226 97 102 48 146 3 105 110 116 4 10 0 248 156 11 64 174 49 184 241 38 3 105 110 116 4 10 0 248 99 245 235 38 16 21 160 130 3 105 110 116 4 10 0 248 73 50 39 234 251 97 89 248 3 105 110 116 4 10 0 248 2 161 13 92 239 52 31 172]}
002115 SNAP S0 T1 conditionally installing snapshot 9 1 with log &raft.Log{startIndex:0, snapshotTerm:-1, snapshotIndex:-1, entries:[]raft.Entry{raft.Entry{Term:1, Command:4080761186956099719}}}.
002115 SNAP S2 T1 Leader key 971 receiving reply raft.InstallSnapshotReply{Term:1, Success:true} from S0 with S2 T1 state LEADER log &{9 1 8 [{1 3939198809035570696} {1 5319666986329089357} {1 7747435747018202229} {1 1540528951774727451} {1 7329368321926457114} {1 5886028277234122917} {1 3350265206343347489}]} commitIndex 14 lastApplied 14 nextIndex [1 15 16] matchIndex [0 14 15].
002118 APEN S1 T1 state FOLLOWER log &{9 1 8 [{1 3939198809035570696} {1 5319666986329089357} {1 7747435747018202229} {1 1540528951774727451} {1 7329368321926457114} {1 5886028277234122917}]} commitIndex 14 lastApplied 14 nextIndex [0 0 0] matchIndex [0 0 0] with args &{1 2 14 1 [{1 3350265206343347489}] 14}
002118 APEN Who am I, S1 T1 state FOLLOWER log &{9 1 8 [{1 3939198809035570696} {1 5319666986329089357} {1 7747435747018202229} {1 1540528951774727451} {1 7329368321926457114} {1 5886028277234122917} {1 3350265206343347489}]} commitIndex 14 lastApplied 14 nextIndex [0 0 0] matchIndex [0 0 0]
002118 HRRT S2 T1 Leader key 829 receiving reply raft.AppendEntriesReply{Term:1, Success:true, XTerm:0, XIndex:0, XLen:0} from S1 with S2 T1 state LEADER log &{9 1 8 [{1 3939198809035570696} {1 5319666986329089357} {1 7747435747018202229} {1 1540528951774727451} {1 7329368321926457114} {1 5886028277234122917} {1 3350265206343347489}]} commitIndex 14 lastApplied 14 nextIndex [9 15 16] matchIndex [8 14 15].
002118 HRRT S2 T1 Leader setting matchIndex for S1 with prevLogIndex 14 entries 1
002118 APLY S2 T1 state LEADER log &{9 1 8 [{1 3939198809035570696} {1 5319666986329089357} {1 7747435747018202229} {1 1540528951774727451} {1 7329368321926457114} {1 5886028277234122917} {1 3350265206343347489}]} commitIndex 15 lastApplied 14 nextIndex [9 16 16] matchIndex [8 15 15]
002253 HRRT S2 T1 Leader, sending heartbeats
002253 HRRT S2 T1 Leader R1, "S2 T1 state LEADER log &{9 1 8 [{1 3939198809035570696} {1 5319666986329089357} {1 7747435747018202229} {1 1540528951774727451} {1 7329368321926457114} {1 5886028277234122917} {1 3350265206343347489}]} commitIndex 15 lastApplied 15 nextIndex [9 16 16] matchIndex [8 15 15]".
002253 HRRT S2 T1 Leader key 239 sending args raft.AppendEntriesArgs{Term:1, LeaderId:2, PrevLogIndex:15, PrevLogTerm:1, Entries:[]raft.Entry{}, LeaderCommit:15} to S1.
002253 HRRT S2 T1 Leader R0, "S2 T1 state LEADER log &{9 1 8 [{1 3939198809035570696} {1 5319666986329089357} {1 7747435747018202229} {1 1540528951774727451} {1 7329368321926457114} {1 5886028277234122917} {1 3350265206343347489}]} commitIndex 15 lastApplied 15 nextIndex [9 16 16] matchIndex [8 15 15]".
002253 HRRT S2 T1 Leader key 766 sending args raft.AppendEntriesArgs{Term:1, LeaderId:2, PrevLogIndex:8, PrevLogTerm:1, Entries:[]raft.Entry{raft.Entry{Term:1, Command:3939198809035570696}, raft.Entry{Term:1, Command:5319666986329089357}, raft.Entry{Term:1, Command:7747435747018202229}, raft.Entry{Term:1, Command:1540528951774727451}, raft.Entry{Term:1, Command:7329368321926457114}, raft.Entry{Term:1, Command:5886028277234122917}, raft.Entry{Term:1, Command:3350265206343347489}}, LeaderCommit:15} to S0.
002275 APEN S1 T1 state FOLLOWER log &{9 1 8 [{1 3939198809035570696} {1 5319666986329089357} {1 7747435747018202229} {1 1540528951774727451} {1 7329368321926457114} {1 5886028277234122917} {1 3350265206343347489}]} commitIndex 14 lastApplied 14 nextIndex [0 0 0] matchIndex [0 0 0] with args &{1 2 15 1 [] 15}
002275 APEN Who am I, S1 T1 state FOLLOWER log &{9 1 8 [{1 3939198809035570696} {1 5319666986329089357} {1 7747435747018202229} {1 1540528951774727451} {1 7329368321926457114} {1 5886028277234122917} {1 3350265206343347489}]} commitIndex 14 lastApplied 14 nextIndex [0 0 0] matchIndex [0 0 0]
002275 APEN S0 T1 state FOLLOWER log &{9 1 8 []} commitIndex -1 lastApplied -1 nextIndex [0 0 0] matchIndex [0 0 0] with args &{1 2 8 1 [{1 3939198809035570696} {1 5319666986329089357} {1 7747435747018202229} {1 1540528951774727451} {1 7329368321926457114} {1 5886028277234122917} {1 3350265206343347489}] 15}
002275 APEN Who am I, S0 T1 state FOLLOWER log &{9 1 8 [{1 3939198809035570696} {1 5319666986329089357} {1 7747435747018202229} {1 1540528951774727451} {1 7329368321926457114} {1 5886028277234122917} {1 3350265206343347489}]} commitIndex -1 lastApplied -1 nextIndex [0 0 0] matchIndex [0 0 0]
002275 HRRT S2 T1 Leader key 239 receiving reply raft.AppendEntriesReply{Term:1, Success:true, XTerm:0, XIndex:0, XLen:0} from S1 with S2 T1 state LEADER log &{9 1 8 [{1 3939198809035570696} {1 5319666986329089357} {1 7747435747018202229} {1 1540528951774727451} {1 7329368321926457114} {1 5886028277234122917} {1 3350265206343347489}]} commitIndex 15 lastApplied 15 nextIndex [9 16 16] matchIndex [8 15 15].
002275 HRRT S2 T1 Leader setting matchIndex for S1 with prevLogIndex 15 entries 0
002275 APLY S1 T1 state FOLLOWER log &{9 1 8 [{1 3939198809035570696} {1 5319666986329089357} {1 7747435747018202229} {1 1540528951774727451} {1 7329368321926457114} {1 5886028277234122917} {1 3350265206343347489}]} commitIndex 15 lastApplied 14 nextIndex [0 0 0] matchIndex [0 0 0]
002275 APLY S0 T1 state FOLLOWER log &{9 1 8 [{1 3939198809035570696} {1 5319666986329089357} {1 7747435747018202229} {1 1540528951774727451} {1 7329368321926457114} {1 5886028277234122917} {1 3350265206343347489}]} commitIndex 15 lastApplied -1 nextIndex [0 0 0] matchIndex [0 0 0]
panic: runtime error: slice bounds out of range [-9:]

goroutine 134 [running]:
6.824/raft.(*Log).copyEntriesInRange(...)
	/Users/jinglin/Desktop/Cloud/6.824/Labs/src/raft/raft_log.go:288
6.824/raft.(*Raft).sendApplyMsg(0xc0000f8000)
	/Users/jinglin/Desktop/Cloud/6.824/Labs/src/raft/raft_heartbeat.go:264 +0x35a
created by 6.824/raft.(*Raft).AppendEntries
	/Users/jinglin/Desktop/Cloud/6.824/Labs/src/raft/raft_append_entries.go:130 +0x425